Build started 11/22/2016 2:27:31 PM.
     1>Project "F:\School\COSC 4550\The-Arcade-Learning-Environment-0.4.4-Visual-Studio-2013-Windows-8.1-x64-master\src\ALE.vcxproj" on node 2 (Build target(s)).
     1>ClCompile:
         F:\VS 2013\VC\bin\x86_amd64\CL.exe /c /Zi /nologo /W1 /WX- /MP /Od /D __USE_SDL /D BSPF_WIN32 /Gm- /EHsc /MD /GS /fp:precise /Zc:wchar_t /Zc:forScope /Fo"x64\Debug\\" /Fd"x64\Debug\vc120.pdb" /Gz /TP /analyze- /errorReport:prompt agents\PlayerAgent.cpp agents\RandomAgent.cpp agents\SDLKeyboardAgent.cpp agents\SingleActionAgent.cpp common\Constants.cpp common\Defaults.cpp common\display_screen.cpp common\export_screen.cpp common\RectList.cxx common\SoundNull.cxx common\SoundSDL.cxx controllers\ale_controller.cpp controllers\fifo_controller.cpp controllers\internal_controller.cpp controllers\rlglue_controller.cpp emucore\AtariVox.cxx emucore\Booster.cxx emucore\Cart.cxx emucore\Cart0840.cxx emucore\Cart2K.cxx emucore\Cart3E.cxx emucore\Cart3F.cxx emucore\Cart4A50.cxx emucore\Cart4K.cxx emucore\CartAR.cxx emucore\CartCV.cxx emucore\CartDPC.cxx emucore\CartE0.cxx emucore\CartE7.cxx emucore\CartF4.cxx emucore\CartF4SC.cxx emucore\CartF6.cxx emucore\CartF6SC.cxx emucore\CartF8.cxx emucore\CartF8SC.cxx emucore\CartFASC.cxx emucore\CartFE.cxx emucore\CartMB.cxx emucore\CartMC.cxx emucore\CartUA.cxx emucore\Console.cxx emucore\Control.cxx emucore\Deserializer.cxx emucore\Driving.cxx emucore\Event.cxx emucore\FSNode.cxx emucore\Joystick.cxx emucore\Keyboard.cxx emucore\m6502\src\Device.cxx emucore\m6502\src\M6502.cxx emucore\m6502\src\M6502Hi.cxx emucore\m6502\src\M6502Low.cxx emucore\m6502\src\NullDev.cxx emucore\m6502\src\System.cxx emucore\M6532.cxx emucore\MD5.cxx emucore\MediaSrc.cxx emucore\OSystem.cxx emucore\Paddles.cxx emucore\Props.cxx emucore\PropsSet.cxx emucore\Random.cxx emucore\Serializer.cxx emucore\Settings.cxx emucore\SpeakJet.cxx emucore\Switches.cxx emucore\TIA.cxx emucore\TIASnd.cxx environment\ale_state.cpp environment\phosphor_blend.cpp environment\stella_environment.cpp games\Roms.cpp games\RomSettings.cpp games\RomUtils.cpp games\supported\AirRaid.cpp games\supported\Alien.cpp games\supported\Amidar.cpp games\supported\Assault.cpp games\supported\Asterix.cpp games\supported\Asteroids.cpp games\supported\Atlantis.cpp games\supported\BankHeist.cpp games\supported\BattleZone.cpp games\supported\BeamRider.cpp games\supported\Berzerk.cpp games\supported\Bowling.cpp games\supported\Boxing.cpp games\supported\Breakout.cpp games\supported\Carnival.cpp games\supported\Centipede.cpp games\supported\ChopperCommand.cpp games\supported\CrazyClimber.cpp games\supported\Defender.cpp games\supported\DemonAttack.cpp games\supported\DoubleDunk.cpp games\supported\ElevatorAction.cpp games\supported\Enduro.cpp games\supported\FishingDerby.cpp games\supported\Freeway.cpp games\supported\Frostbite.cpp games\supported\Gopher.cpp games\supported\Gravitar.cpp games\supported\Hero.cpp games\supported\IceHockey.cpp games\supported\JamesBond.cpp games\supported\JourneyEscape.cpp games\supported\Kangaroo.cpp games\supported\Krull.cpp games\supported\KungFuMaster.cpp games\supported\MontezumaRevenge.cpp games\supported\MsPacman.cpp games\supported\NameThisGame.cpp games\supported\Phoenix.cpp games\supported\Pitfall.cpp games\supported\Pong.cpp games\supported\Pooyan.cpp games\supported\PrivateEye.cpp games\supported\QBert.cpp games\supported\RiverRaid.cpp games\supported\RoadRunner.cpp games\supported\RoboTank.cpp games\supported\Seaquest.cpp games\supported\Skiing.cpp games\supported\Solaris.cpp games\supported\SpaceInvaders.cpp games\supported\StarGunner.cpp games\supported\Tennis.cpp games\supported\TimePilot.cpp games\supported\Tutankham.cpp games\supported\UpNDown.cpp games\supported\Venture.cpp games\supported\VideoPinball.cpp games\supported\WizardOfWor.cpp games\supported\YarsRevenge.cpp games\supported\Zaxxon.cpp main.cpp os_dependent\FSNodePOSIX.cxx os_dependent\FSNodeWin32.cxx os_dependent\OSystemUNIX.cxx os_dependent\OSystemWin32.cxx os_dependent\SettingsUNIX.cxx os_dependent\SettingsWin32.cxx
         PlayerAgent.cpp
         RandomAgent.cpp
         SDLKeyboardAgent.cpp
         SingleActionAgent.cpp
         Constants.cpp
         Defaults.cpp
         display_screen.cpp
         export_screen.cpp
         RectList.cxx
         SoundNull.cxx
         SoundSDL.cxx
         ale_controller.cpp
         fifo_controller.cpp
         internal_controller.cpp
         rlglue_controller.cpp
         AtariVox.cxx
         Booster.cxx
         Cart.cxx
         Cart0840.cxx
         Cart2K.cxx
         Cart3E.cxx
         Cart3F.cxx
         Cart4A50.cxx
         Cart4K.cxx
         CartAR.cxx
         CartCV.cxx
         CartDPC.cxx
         CartE0.cxx
         CartE7.cxx
         CartF4.cxx
         CartF4SC.cxx
         CartF6.cxx
         CartF6SC.cxx
         CartF8.cxx
         CartF8SC.cxx
         CartFASC.cxx
         CartFE.cxx
         CartMB.cxx
         CartMC.cxx
         CartUA.cxx
         Console.cxx
         Control.cxx
         Deserializer.cxx
         Driving.cxx
         Event.cxx
         FSNode.cxx
         Joystick.cxx
         Keyboard.cxx
         Device.cxx
         M6502.cxx
         M6502Hi.cxx
         M6502Low.cxx
         NullDev.cxx
         System.cxx
         M6532.cxx
         MD5.cxx
         MediaSrc.cxx
         OSystem.cxx
         Paddles.cxx
         Props.cxx
         PropsSet.cxx
         Random.cxx
         Serializer.cxx
         Settings.cxx
         SpeakJet.cxx
         Switches.cxx
         TIA.cxx
         TIASnd.cxx
         ale_state.cpp
         phosphor_blend.cpp
         stella_environment.cpp
         Roms.cpp
         RomSettings.cpp
         RomUtils.cpp
         AirRaid.cpp
         Alien.cpp
         Amidar.cpp
         Assault.cpp
         Asterix.cpp
         Asteroids.cpp
         Atlantis.cpp
         BankHeist.cpp
         BattleZone.cpp
         BeamRider.cpp
         Berzerk.cpp
         Bowling.cpp
         Boxing.cpp
         Breakout.cpp
         Carnival.cpp
         Centipede.cpp
         ChopperCommand.cpp
         CrazyClimber.cpp
         Defender.cpp
         DemonAttack.cpp
         DoubleDunk.cpp
         ElevatorAction.cpp
         Enduro.cpp
         FishingDerby.cpp
         Freeway.cpp
         Frostbite.cpp
         Gopher.cpp
         Gravitar.cpp
         Hero.cpp
         IceHockey.cpp
         JamesBond.cpp
         JourneyEscape.cpp
         Kangaroo.cpp
         Krull.cpp
         KungFuMaster.cpp
         MontezumaRevenge.cpp
         MsPacman.cpp
         NameThisGame.cpp
         Phoenix.cpp
         Pitfall.cpp
         Pong.cpp
         Pooyan.cpp
         PrivateEye.cpp
         QBert.cpp
         RiverRaid.cpp
         RoadRunner.cpp
         RoboTank.cpp
         Seaquest.cpp
         Skiing.cpp
         Solaris.cpp
         SpaceInvaders.cpp
         StarGunner.cpp
         Tennis.cpp
         TimePilot.cpp
         Tutankham.cpp
         UpNDown.cpp
         Venture.cpp
         VideoPinball.cpp
         WizardOfWor.cpp
         YarsRevenge.cpp
         Zaxxon.cpp
         main.cpp
         FSNodePOSIX.cxx
         FSNodeWin32.cxx
         OSystemUNIX.cxx
         OSystemWin32.cxx
         SettingsUNIX.cxx
         SettingsWin32.cxx
         F:\VS 2013\VC\bin\x86_amd64\CL.exe /c /Zi /nologo /W1 /WX- /MP /Od /D __USE_SDL /D BSPF_WIN32 /Gm- /EHsc /MD /GS /fp:precise /Zc:wchar_t /Zc:forScope /Fo"x64\Debug\\" /Fd"x64\Debug\vc120.pdb" /Gz /TC /analyze- /errorReport:prompt emucore\rsynth\darray.c emucore\rsynth\elements.c emucore\rsynth\holmes.c emucore\rsynth\opsynth.c emucore\rsynth\phones.c emucore\rsynth\phtoelm.c emucore\rsynth\trie.c emucore\unzip.c
         darray.c
         elements.c
         holmes.c
         opsynth.c
         phones.c
         phtoelm.c
         trie.c
         unzip.c
       Link:
         F:\VS 2013\VC\bin\x86_amd64\link.exe /ERRORREPORT:PROMPT /OUT:"F:\School\COSC 4550\The-Arcade-Learning-Environment-0.4.4-Visual-Studio-2013-Windows-8.1-x64-master\src\x64\Debug\ALE.exe" /NOLOGO zdll.lib zlib.lib SDL.lib SDLmain.lib SDL_gfx.lib SDL_image.lib /MANIFEST /MANIFESTUAC:"level='asInvoker' uiAccess='false'" /manifest:embed /DEBUG /PDB:"F:\School\COSC 4550\The-Arcade-Learning-Environment-0.4.4-Visual-Studio-2013-Windows-8.1-x64-master\src\x64\Debug\ALE.pdb" /SUBSYSTEM:CONSOLE /TLBID:1 /DYNAMICBASE /NXCOMPAT /IMPLIB:"F:\School\COSC 4550\The-Arcade-Learning-Environment-0.4.4-Visual-Studio-2013-Windows-8.1-x64-master\src\x64\Debug\ALE.lib" /MACHINE:X64 x64\Debug\PlayerAgent.obj
         x64\Debug\RandomAgent.obj
         x64\Debug\SDLKeyboardAgent.obj
         x64\Debug\SingleActionAgent.obj
         x64\Debug\Constants.obj
         x64\Debug\Defaults.obj
         x64\Debug\display_screen.obj
         x64\Debug\export_screen.obj
         x64\Debug\RectList.obj
         x64\Debug\SoundNull.obj
         x64\Debug\SoundSDL.obj
         x64\Debug\ale_controller.obj
         x64\Debug\fifo_controller.obj
         x64\Debug\internal_controller.obj
         x64\Debug\rlglue_controller.obj
         x64\Debug\AtariVox.obj
         x64\Debug\Booster.obj
         x64\Debug\Cart.obj
         x64\Debug\Cart0840.obj
         x64\Debug\Cart2K.obj
         x64\Debug\Cart3E.obj
         x64\Debug\Cart3F.obj
         x64\Debug\Cart4A50.obj
         x64\Debug\Cart4K.obj
         x64\Debug\CartAR.obj
         x64\Debug\CartCV.obj
         x64\Debug\CartDPC.obj
         x64\Debug\CartE0.obj
         x64\Debug\CartE7.obj
         x64\Debug\CartF4.obj
         x64\Debug\CartF4SC.obj
         x64\Debug\CartF6.obj
         x64\Debug\CartF6SC.obj
         x64\Debug\CartF8.obj
         x64\Debug\CartF8SC.obj
         x64\Debug\CartFASC.obj
         x64\Debug\CartFE.obj
         x64\Debug\CartMB.obj
         x64\Debug\CartMC.obj
         x64\Debug\CartUA.obj
         x64\Debug\Console.obj
         x64\Debug\Control.obj
         x64\Debug\Deserializer.obj
         x64\Debug\Driving.obj
         x64\Debug\Event.obj
         x64\Debug\FSNode.obj
         x64\Debug\Joystick.obj
         x64\Debug\Keyboard.obj
         x64\Debug\Device.obj
         x64\Debug\M6502.obj
         x64\Debug\M6502Hi.obj
         x64\Debug\M6502Low.obj
         x64\Debug\NullDev.obj
         x64\Debug\System.obj
         x64\Debug\M6532.obj
         x64\Debug\MD5.obj
         x64\Debug\MediaSrc.obj
         x64\Debug\OSystem.obj
         x64\Debug\Paddles.obj
         x64\Debug\Props.obj
         x64\Debug\PropsSet.obj
         x64\Debug\Random.obj
         x64\Debug\darray.obj
         x64\Debug\elements.obj
         x64\Debug\holmes.obj
         x64\Debug\opsynth.obj
         x64\Debug\phones.obj
         x64\Debug\phtoelm.obj
         x64\Debug\trie.obj
         x64\Debug\Serializer.obj
         x64\Debug\Settings.obj
         x64\Debug\SpeakJet.obj
         x64\Debug\Switches.obj
         x64\Debug\TIA.obj
         x64\Debug\TIASnd.obj
         x64\Debug\unzip.obj
         x64\Debug\ale_state.obj
         x64\Debug\phosphor_blend.obj
         x64\Debug\stella_environment.obj
         x64\Debug\Roms.obj
         x64\Debug\RomSettings.obj
         x64\Debug\RomUtils.obj
         x64\Debug\AirRaid.obj
         x64\Debug\Alien.obj
         x64\Debug\Amidar.obj
         x64\Debug\Assault.obj
         x64\Debug\Asterix.obj
         x64\Debug\Asteroids.obj
         x64\Debug\Atlantis.obj
         x64\Debug\BankHeist.obj
         x64\Debug\BattleZone.obj
         x64\Debug\BeamRider.obj
         x64\Debug\Berzerk.obj
         x64\Debug\Bowling.obj
         x64\Debug\Boxing.obj
         x64\Debug\Breakout.obj
         x64\Debug\Carnival.obj
         x64\Debug\Centipede.obj
         x64\Debug\ChopperCommand.obj
         x64\Debug\CrazyClimber.obj
         x64\Debug\Defender.obj
         x64\Debug\DemonAttack.obj
         x64\Debug\DoubleDunk.obj
         x64\Debug\ElevatorAction.obj
         x64\Debug\Enduro.obj
         x64\Debug\FishingDerby.obj
         x64\Debug\Freeway.obj
         x64\Debug\Frostbite.obj
         x64\Debug\Gopher.obj
         x64\Debug\Gravitar.obj
         x64\Debug\Hero.obj
         x64\Debug\IceHockey.obj
         x64\Debug\JamesBond.obj
         x64\Debug\JourneyEscape.obj
         x64\Debug\Kangaroo.obj
         x64\Debug\Krull.obj
         x64\Debug\KungFuMaster.obj
         x64\Debug\MontezumaRevenge.obj
         x64\Debug\MsPacman.obj
         x64\Debug\NameThisGame.obj
         x64\Debug\Phoenix.obj
         x64\Debug\Pitfall.obj
         x64\Debug\Pong.obj
         x64\Debug\Pooyan.obj
         x64\Debug\PrivateEye.obj
         x64\Debug\QBert.obj
         x64\Debug\RiverRaid.obj
         x64\Debug\RoadRunner.obj
         x64\Debug\RoboTank.obj
         x64\Debug\Seaquest.obj
         x64\Debug\Skiing.obj
         x64\Debug\Solaris.obj
         x64\Debug\SpaceInvaders.obj
         x64\Debug\StarGunner.obj
         x64\Debug\Tennis.obj
         x64\Debug\TimePilot.obj
         x64\Debug\Tutankham.obj
         x64\Debug\UpNDown.obj
         x64\Debug\Venture.obj
         x64\Debug\VideoPinball.obj
         x64\Debug\WizardOfWor.obj
         x64\Debug\YarsRevenge.obj
         x64\Debug\Zaxxon.obj
         x64\Debug\main.obj
         x64\Debug\FSNodePOSIX.obj
         x64\Debug\FSNodeWin32.obj
         x64\Debug\OSystemUNIX.obj
         x64\Debug\OSystemWin32.obj
         x64\Debug\SettingsUNIX.obj
         x64\Debug\SettingsWin32.obj
     1>SDLmain.lib(SDL_win32_main.obj) : warning LNK4204: 'F:\School\COSC 4550\The-Arcade-Learning-Environment-0.4.4-Visual-Studio-2013-Windows-8.1-x64-master\src\x64\Debug\vc120.pdb' is missing debugging information for referencing module; linking object as if no debug info
         ALE.vcxproj -> F:\School\COSC 4550\The-Arcade-Learning-Environment-0.4.4-Visual-Studio-2013-Windows-8.1-x64-master\src\x64\Debug\ALE.exe
       PostBuildEvent:
         xcopy /d /y "F:\School\COSC 4550\The-Arcade-Learning-Environment-0.4.4-Visual-Studio-2013-Windows-8.1-x64-master\src\\dependencies\dll_win_x64\*.*" "F:\School\COSC 4550\The-Arcade-Learning-Environment-0.4.4-Visual-Studio-2013-Windows-8.1-x64-master\src\x64\Debug\"
         :VCEnd
         F:\School\COSC 4550\The-Arcade-Learning-Environment-0.4.4-Visual-Studio-2013-Windows-8.1-x64-master\src\\dependencies\dll_win_x64\libjpeg-8.dll
         F:\School\COSC 4550\The-Arcade-Learning-Environment-0.4.4-Visual-Studio-2013-Windows-8.1-x64-master\src\\dependencies\dll_win_x64\libpng15-15.dll
         F:\School\COSC 4550\The-Arcade-Learning-Environment-0.4.4-Visual-Studio-2013-Windows-8.1-x64-master\src\\dependencies\dll_win_x64\libtiff-5.dll
         F:\School\COSC 4550\The-Arcade-Learning-Environment-0.4.4-Visual-Studio-2013-Windows-8.1-x64-master\src\\dependencies\dll_win_x64\libwebp-2.dll
         F:\School\COSC 4550\The-Arcade-Learning-Environment-0.4.4-Visual-Studio-2013-Windows-8.1-x64-master\src\\dependencies\dll_win_x64\SDL.dll
         F:\School\COSC 4550\The-Arcade-Learning-Environment-0.4.4-Visual-Studio-2013-Windows-8.1-x64-master\src\\dependencies\dll_win_x64\SDL_gfx.dll
         F:\School\COSC 4550\The-Arcade-Learning-Environment-0.4.4-Visual-Studio-2013-Windows-8.1-x64-master\src\\dependencies\dll_win_x64\SDL_image.dll
         F:\School\COSC 4550\The-Arcade-Learning-Environment-0.4.4-Visual-Studio-2013-Windows-8.1-x64-master\src\\dependencies\dll_win_x64\zlib1.dll
         8 File(s) copied
     1>Done Building Project "F:\School\COSC 4550\The-Arcade-Learning-Environment-0.4.4-Visual-Studio-2013-Windows-8.1-x64-master\src\ALE.vcxproj" (Build target(s)).

Build succeeded.

Time Elapsed 00:00:16.52
